[2025-06-01 02:38:55] local.INFO: LoginController: __construct called.  
[2025-06-01 02:38:55] local.INFO: LoginController: Firebase instances resolved in constructor.  
[2025-06-01 02:39:43] local.INFO: LoginController: __construct called.  
[2025-06-01 02:39:43] local.INFO: LoginController: Firebase instances resolved in constructor.  
[2025-06-01 02:40:28] local.INFO: Pendaftaran user berhasil. UID: x7Xruh9qtSMGA7n3X2yyuPeJX3I3, Email: asuka@gmail.com  
[2025-06-01 02:40:38] local.INFO: LoginController: __construct called.  
[2025-06-01 02:40:38] local.INFO: LoginController: Firebase instances resolved in constructor.  
[2025-06-01 02:40:38] local.INFO: LoginController: login method started.  
[2025-06-01 02:40:38] local.INFO: LoginController: Attempting to verify ID Token.  
[2025-06-01 02:40:39] local.INFO: LoginController: ID Token verified. UID: x7Xruh9qtSMGA7n3X2yyuPeJX3I3  
[2025-06-01 02:40:39] local.INFO: LoginController: Attempting to get counselor document snapshot for UID: x7Xruh9qtSMGA7n3X2yyuPeJX3I3  
[2025-06-01 02:40:40] local.INFO: LoginController: Counselor document snapshot obtained. Exists: false  
[2025-06-01 02:40:40] local.INFO: Login berhasil. UID: x7Xruh9qtSMGA7n3X2yyuPeJX3I3, Nama: Kazama Asuka, Role: User  
[2025-06-01 02:40:41] local.INFO: --- AuthenticateFirebase Middleware Start ---  
[2025-06-01 02:40:41] local.INFO: Request URL: http://127.0.0.1:8000/home  
[2025-06-01 02:40:41] local.INFO: Session UID exists: true  
[2025-06-01 02:40:41] local.INFO: Request expects JSON: false  
[2025-06-01 02:40:41] local.INFO: Request is AJAX: false  
[2025-06-01 02:40:41] local.INFO: Request Method: GET  
[2025-06-01 02:40:41] local.INFO: Pengguna terotentikasi. Melanjutkan request.  
[2025-06-01 02:40:48] local.INFO: --- AuthenticateFirebase Middleware Start ---  
[2025-06-01 02:40:48] local.INFO: Request URL: http://127.0.0.1:8000/profile  
[2025-06-01 02:40:48] local.INFO: Session UID exists: true  
[2025-06-01 02:40:48] local.INFO: Request expects JSON: false  
[2025-06-01 02:40:48] local.INFO: Request is AJAX: false  
[2025-06-01 02:40:48] local.INFO: Request Method: GET  
[2025-06-01 02:40:48] local.INFO: Pengguna terotentikasi. Melanjutkan request.  
[2025-06-01 02:41:29] local.INFO: --- AuthenticateFirebase Middleware Start ---  
[2025-06-01 02:41:29] local.INFO: Request URL: http://127.0.0.1:8000/profile/update-avatar  
[2025-06-01 02:41:29] local.INFO: Session UID exists: true  
[2025-06-01 02:41:29] local.INFO: Request expects JSON: true  
[2025-06-01 02:41:29] local.INFO: Request is AJAX: true  
[2025-06-01 02:41:29] local.INFO: Request Method: POST  
[2025-06-01 02:41:29] local.INFO: Pengguna terotentikasi. Melanjutkan request.  
[2025-06-01 02:41:29] local.INFO: Attempting to update avatar for UID: x7Xruh9qtSMGA7n3X2yyuPeJX3I3  
[2025-06-01 02:41:34] local.INFO: --- AuthenticateFirebase Middleware Start ---  
[2025-06-01 02:41:34] local.INFO: Request URL: http://127.0.0.1:8000/profile/update-data  
[2025-06-01 02:41:34] local.INFO: Session UID exists: true  
[2025-06-01 02:41:34] local.INFO: Request expects JSON: true  
[2025-06-01 02:41:34] local.INFO: Request is AJAX: true  
[2025-06-01 02:41:34] local.INFO: Request Method: POST  
[2025-06-01 02:41:34] local.INFO: Pengguna terotentikasi. Melanjutkan request.  
[2025-06-01 02:41:34] local.INFO: Attempting to update profile data for UID: x7Xruh9qtSMGA7n3X2yyuPeJX3I3  
[2025-06-01 02:41:44] local.INFO: --- AuthenticateFirebase Middleware Start ---  
[2025-06-01 02:41:44] local.INFO: Request URL: http://127.0.0.1:8000/profile/update-data  
[2025-06-01 02:41:44] local.INFO: Session UID exists: true  
[2025-06-01 02:41:44] local.INFO: Request expects JSON: true  
[2025-06-01 02:41:44] local.INFO: Request is AJAX: true  
[2025-06-01 02:41:44] local.INFO: Request Method: POST  
[2025-06-01 02:41:44] local.INFO: Pengguna terotentikasi. Melanjutkan request.  
[2025-06-01 02:41:44] local.INFO: Attempting to update profile data for UID: x7Xruh9qtSMGA7n3X2yyuPeJX3I3  
[2025-06-01 02:41:44] local.INFO: Data sent to Firestore for update: {"name":"Kazama Asuka","phone":"+62 987654321"}  
[2025-06-01 02:41:49] local.INFO: --- AuthenticateFirebase Middleware Start ---  
[2025-06-01 02:41:49] local.INFO: Request URL: http://127.0.0.1:8000/home  
[2025-06-01 02:41:49] local.INFO: Session UID exists: true  
[2025-06-01 02:41:49] local.INFO: Request expects JSON: false  
[2025-06-01 02:41:49] local.INFO: Request is AJAX: false  
[2025-06-01 02:41:49] local.INFO: Request Method: GET  
[2025-06-01 02:41:49] local.INFO: Pengguna terotentikasi. Melanjutkan request.  
[2025-06-01 02:41:57] local.INFO: LoginController: __construct called.  
[2025-06-01 02:41:57] local.INFO: LoginController: Firebase instances resolved in constructor.  
[2025-06-01 02:41:57] local.INFO: Logout berhasil.  
[2025-06-01 02:41:57] local.INFO: LoginController: __construct called.  
[2025-06-01 02:41:57] local.INFO: LoginController: Firebase instances resolved in constructor.  
[2025-06-01 02:42:08] local.INFO: LoginController: __construct called.  
[2025-06-01 02:42:08] local.INFO: LoginController: Firebase instances resolved in constructor.  
[2025-06-01 02:42:08] local.INFO: LoginController: login method started.  
[2025-06-01 02:42:08] local.INFO: LoginController: Attempting to verify ID Token.  
[2025-06-01 02:42:09] local.INFO: LoginController: ID Token verified. UID: x7Xruh9qtSMGA7n3X2yyuPeJX3I3  
[2025-06-01 02:42:10] local.INFO: LoginController: Attempting to get counselor document snapshot for UID: x7Xruh9qtSMGA7n3X2yyuPeJX3I3  
[2025-06-01 02:42:10] local.INFO: LoginController: Counselor document snapshot obtained. Exists: false  
[2025-06-01 02:42:10] local.INFO: Login berhasil. UID: x7Xruh9qtSMGA7n3X2yyuPeJX3I3, Nama: Kazama Asuka, Role: User  
[2025-06-01 02:42:11] local.INFO: --- AuthenticateFirebase Middleware Start ---  
[2025-06-01 02:42:11] local.INFO: Request URL: http://127.0.0.1:8000/home  
[2025-06-01 02:42:11] local.INFO: Session UID exists: true  
[2025-06-01 02:42:11] local.INFO: Request expects JSON: false  
[2025-06-01 02:42:11] local.INFO: Request is AJAX: false  
[2025-06-01 02:42:11] local.INFO: Request Method: GET  
[2025-06-01 02:42:11] local.INFO: Pengguna terotentikasi. Melanjutkan request.  
[2025-06-01 02:42:37] local.INFO: LoginController: __construct called.  
[2025-06-01 02:42:37] local.INFO: LoginController: Firebase instances resolved in constructor.  
[2025-06-01 02:42:37] local.INFO: Logout berhasil.  
[2025-06-01 02:42:38] local.INFO: LoginController: __construct called.  
[2025-06-01 02:42:38] local.INFO: LoginController: Firebase instances resolved in constructor.  
[2025-06-01 02:43:00] local.INFO: Pendaftaran counselor berhasil. UID: qJCBpFfKOgPticBUeqnjzi2ND0z1, Email: jun@gmail.com  
[2025-06-01 02:43:14] local.INFO: LoginController: __construct called.  
[2025-06-01 02:43:14] local.INFO: LoginController: Firebase instances resolved in constructor.  
[2025-06-01 02:43:14] local.INFO: LoginController: login method started.  
[2025-06-01 02:43:14] local.INFO: LoginController: Attempting to verify ID Token.  
[2025-06-01 02:43:15] local.INFO: LoginController: ID Token verified. UID: x7Xruh9qtSMGA7n3X2yyuPeJX3I3  
[2025-06-01 02:43:16] local.INFO: LoginController: Attempting to get counselor document snapshot for UID: x7Xruh9qtSMGA7n3X2yyuPeJX3I3  
[2025-06-01 02:43:16] local.INFO: LoginController: Counselor document snapshot obtained. Exists: false  
[2025-06-01 02:43:16] local.INFO: Login berhasil. UID: x7Xruh9qtSMGA7n3X2yyuPeJX3I3, Nama: Kazama Asuka, Role: User  
[2025-06-01 02:43:18] local.INFO: --- AuthenticateFirebase Middleware Start ---  
[2025-06-01 02:43:18] local.INFO: Request URL: http://127.0.0.1:8000/home  
[2025-06-01 02:43:18] local.INFO: Session UID exists: true  
[2025-06-01 02:43:18] local.INFO: Request expects JSON: false  
[2025-06-01 02:43:18] local.INFO: Request is AJAX: false  
[2025-06-01 02:43:18] local.INFO: Request Method: GET  
[2025-06-01 02:43:18] local.INFO: Pengguna terotentikasi. Melanjutkan request.  
[2025-06-01 02:44:57] local.INFO: --- AuthenticateFirebase Middleware Start ---  
[2025-06-01 02:44:57] local.INFO: Request URL: http://127.0.0.1:8000/home  
[2025-06-01 02:44:57] local.INFO: Session UID exists: true  
[2025-06-01 02:44:57] local.INFO: Request expects JSON: false  
[2025-06-01 02:44:57] local.INFO: Request is AJAX: false  
[2025-06-01 02:44:57] local.INFO: Request Method: GET  
[2025-06-01 02:44:57] local.INFO: Pengguna terotentikasi. Melanjutkan request.  
[2025-06-01 02:47:11] local.INFO: --- AuthenticateFirebase Middleware Start ---  
[2025-06-01 02:47:11] local.INFO: Request URL: http://127.0.0.1:8000/home  
[2025-06-01 02:47:11] local.INFO: Session UID exists: true  
[2025-06-01 02:47:11] local.INFO: Request expects JSON: false  
[2025-06-01 02:47:11] local.INFO: Request is AJAX: false  
[2025-06-01 02:47:11] local.INFO: Request Method: GET  
[2025-06-01 02:47:11] local.INFO: Pengguna terotentikasi. Melanjutkan request.  
[2025-06-01 02:47:21] local.INFO: --- AuthenticateFirebase Middleware Start ---  
[2025-06-01 02:47:21] local.INFO: Request URL: http://127.0.0.1:8000/history  
[2025-06-01 02:47:21] local.INFO: Session UID exists: true  
[2025-06-01 02:47:21] local.INFO: Request expects JSON: false  
[2025-06-01 02:47:21] local.INFO: Request is AJAX: false  
[2025-06-01 02:47:21] local.INFO: Request Method: GET  
[2025-06-01 02:47:21] local.INFO: Pengguna terotentikasi. Melanjutkan request.  
[2025-06-01 02:47:21] local.INFO: Mulai mengambil riwayat booking untuk userId: x7Xruh9qtSMGA7n3X2yyuPeJX3I3  
[2025-06-01 02:47:22] local.INFO: Total riwayat booking ditemukan: 0  
[2025-06-01 02:47:23] local.INFO: --- AuthenticateFirebase Middleware Start ---  
[2025-06-01 02:47:23] local.INFO: Request URL: http://127.0.0.1:8000/chat  
[2025-06-01 02:47:23] local.INFO: Session UID exists: true  
[2025-06-01 02:47:23] local.INFO: Request expects JSON: false  
[2025-06-01 02:47:23] local.INFO: Request is AJAX: false  
[2025-06-01 02:47:23] local.INFO: Request Method: GET  
[2025-06-01 02:47:23] local.INFO: Pengguna terotentikasi. Melanjutkan request.  
[2025-06-01 02:47:23] local.INFO: Mulai mengambil daftar chat aktif untuk userId: x7Xruh9qtSMGA7n3X2yyuPeJX3I3  
[2025-06-01 02:47:24] local.INFO: Total chat aktif ditemukan: 0  
[2025-06-01 02:47:25] local.INFO: --- AuthenticateFirebase Middleware Start ---  
[2025-06-01 02:47:25] local.INFO: Request URL: http://127.0.0.1:8000/profile  
[2025-06-01 02:47:25] local.INFO: Session UID exists: true  
[2025-06-01 02:47:25] local.INFO: Request expects JSON: false  
[2025-06-01 02:47:25] local.INFO: Request is AJAX: false  
[2025-06-01 02:47:25] local.INFO: Request Method: GET  
[2025-06-01 02:47:25] local.INFO: Pengguna terotentikasi. Melanjutkan request.  
[2025-06-01 02:47:28] local.INFO: --- AuthenticateFirebase Middleware Start ---  
[2025-06-01 02:47:28] local.INFO: Request URL: http://127.0.0.1:8000/home  
[2025-06-01 02:47:28] local.INFO: Session UID exists: true  
[2025-06-01 02:47:28] local.INFO: Request expects JSON: false  
[2025-06-01 02:47:28] local.INFO: Request is AJAX: false  
[2025-06-01 02:47:28] local.INFO: Request Method: GET  
[2025-06-01 02:47:28] local.INFO: Pengguna terotentikasi. Melanjutkan request.  
[2025-06-01 02:47:30] local.INFO: --- AuthenticateFirebase Middleware Start ---  
[2025-06-01 02:47:30] local.INFO: Request URL: http://127.0.0.1:8000/chat  
[2025-06-01 02:47:30] local.INFO: Session UID exists: true  
[2025-06-01 02:47:30] local.INFO: Request expects JSON: false  
[2025-06-01 02:47:30] local.INFO: Request is AJAX: false  
[2025-06-01 02:47:30] local.INFO: Request Method: GET  
[2025-06-01 02:47:30] local.INFO: Pengguna terotentikasi. Melanjutkan request.  
[2025-06-01 02:47:30] local.INFO: Mulai mengambil daftar chat aktif untuk userId: x7Xruh9qtSMGA7n3X2yyuPeJX3I3  
[2025-06-01 02:47:31] local.INFO: Total chat aktif ditemukan: 0  
[2025-06-01 02:47:31] local.INFO: --- AuthenticateFirebase Middleware Start ---  
[2025-06-01 02:47:31] local.INFO: Request URL: http://127.0.0.1:8000/history  
[2025-06-01 02:47:31] local.INFO: Session UID exists: true  
[2025-06-01 02:47:31] local.INFO: Request expects JSON: false  
[2025-06-01 02:47:31] local.INFO: Request is AJAX: false  
[2025-06-01 02:47:31] local.INFO: Request Method: GET  
[2025-06-01 02:47:31] local.INFO: Pengguna terotentikasi. Melanjutkan request.  
[2025-06-01 02:47:31] local.INFO: Mulai mengambil riwayat booking untuk userId: x7Xruh9qtSMGA7n3X2yyuPeJX3I3  
[2025-06-01 02:47:32] local.INFO: Total riwayat booking ditemukan: 0  
[2025-06-01 02:47:33] local.INFO: --- AuthenticateFirebase Middleware Start ---  
[2025-06-01 02:47:33] local.INFO: Request URL: http://127.0.0.1:8000/home  
[2025-06-01 02:47:33] local.INFO: Session UID exists: true  
[2025-06-01 02:47:33] local.INFO: Request expects JSON: false  
[2025-06-01 02:47:33] local.INFO: Request is AJAX: false  
[2025-06-01 02:47:33] local.INFO: Request Method: GET  
[2025-06-01 02:47:33] local.INFO: Pengguna terotentikasi. Melanjutkan request.  
[2025-06-01 02:47:37] local.INFO: --- AuthenticateFirebase Middleware Start ---  
[2025-06-01 02:47:37] local.INFO: Request URL: http://127.0.0.1:8000/counselor/qJCBpFfKOgPticBUeqnjzi2ND0z1  
[2025-06-01 02:47:37] local.INFO: Session UID exists: true  
[2025-06-01 02:47:37] local.INFO: Request expects JSON: false  
[2025-06-01 02:47:37] local.INFO: Request is AJAX: false  
[2025-06-01 02:47:37] local.INFO: Request Method: GET  
[2025-06-01 02:47:37] local.INFO: Pengguna terotentikasi. Melanjutkan request.  
[2025-06-01 02:47:42] local.INFO: --- AuthenticateFirebase Middleware Start ---  
[2025-06-01 02:47:42] local.INFO: Request URL: http://127.0.0.1:8000/home  
[2025-06-01 02:47:42] local.INFO: Session UID exists: true  
[2025-06-01 02:47:42] local.INFO: Request expects JSON: false  
[2025-06-01 02:47:42] local.INFO: Request is AJAX: false  
[2025-06-01 02:47:42] local.INFO: Request Method: GET  
[2025-06-01 02:47:42] local.INFO: Pengguna terotentikasi. Melanjutkan request.  
[2025-06-01 02:47:50] local.INFO: --- AuthenticateFirebase Middleware Start ---  
[2025-06-01 02:47:50] local.INFO: Request URL: http://127.0.0.1:8000/counselor/0LJYiZgW3pUlbDAxepLz4xiYMDm2  
[2025-06-01 02:47:50] local.INFO: Session UID exists: true  
[2025-06-01 02:47:50] local.INFO: Request expects JSON: false  
[2025-06-01 02:47:50] local.INFO: Request is AJAX: false  
[2025-06-01 02:47:50] local.INFO: Request Method: GET  
[2025-06-01 02:47:50] local.INFO: Pengguna terotentikasi. Melanjutkan request.  
[2025-06-01 02:47:53] local.INFO: --- AuthenticateFirebase Middleware Start ---  
[2025-06-01 02:47:53] local.INFO: Request URL: http://127.0.0.1:8000/counselor/book-schedule  
[2025-06-01 02:47:53] local.INFO: Session UID exists: true  
[2025-06-01 02:47:53] local.INFO: Request expects JSON: false  
[2025-06-01 02:47:53] local.INFO: Request is AJAX: false  
[2025-06-01 02:47:53] local.INFO: Request Method: POST  
[2025-06-01 02:47:53] local.INFO: Pengguna terotentikasi. Melanjutkan request.  
[2025-06-01 02:47:53] local.INFO: Memulai proses booking jadwal.  
[2025-06-01 02:47:53] local.INFO: Data request booking: {"scheduleId":"IT8gtx5ok3PPrx9EvHve","counselorId":"0LJYiZgW3pUlbDAxepLz4xiYMDm2"} 
[2025-06-01 02:47:53] local.INFO: Data yang didapat: {"scheduleId":"IT8gtx5ok3PPrx9EvHve","counselorUid":"0LJYiZgW3pUlbDAxepLz4xiYMDm2","userUid":"x7Xruh9qtSMGA7n3X2yyuPeJX3I3"} 
[2025-06-01 02:47:54] local.INFO: Hasil pengecekan booking sebelumnya: {"jumlah":0} 
[2025-06-01 02:47:54] local.INFO: Status dokumen konselor dan jadwal (sebelum update): {"counselorExists":true,"scheduleExists":true,"scheduleIsBooked_before":false} 
[2025-06-01 02:47:54] local.INFO: Hari dan waktu jadwal yang ditentukan: {"day":"Rabu","time":"14:00 - 15:30"} 
[2025-06-01 02:47:55] local.INFO: Nama user yang booking: {"userName":"Kazama Asuka"} 
[2025-06-01 02:47:55] local.INFO: Data untuk booking baru: {"scheduleId":"IT8gtx5ok3PPrx9EvHve","counselorId":"0LJYiZgW3pUlbDAxepLz4xiYMDm2","counselorName":"Pun","userId":"x7Xruh9qtSMGA7n3X2yyuPeJX3I3","userName":"Kazama Asuka","day":"Rabu","time":"14:00 - 15:30","status":"booked","createdAt":"2025-06-01 02:47:55"} 
[2025-06-01 02:47:55] local.INFO: Booking baru berhasil dibuat dengan ID: {"bookingId":"8bb78fc092304f498141"} 
[2025-06-01 02:47:55] local.INFO: Data untuk history booking baru (dengan ID): {"userId":"x7Xruh9qtSMGA7n3X2yyuPeJX3I3","counselorId":"0LJYiZgW3pUlbDAxepLz4xiYMDm2","bookingId":"8bb78fc092304f498141","day":"Rabu","time":"14:00 - 15:30","createdAt":"2025-06-01 02:47:55","historyId":"566e0ac2008c4f12888a"} 
[2025-06-01 02:47:55] local.INFO: History booking berhasil dibuat dengan ID: {"historyId":"566e0ac2008c4f12888a"} 
[2025-06-01 02:47:55] local.INFO: Mencoba memperbarui status isBooked pada jadwal dengan ID: {"scheduleId":"IT8gtx5ok3PPrx9EvHve"} 
[2025-06-01 02:47:55] local.INFO: Status jadwal berhasil diperbarui di Firestore (semoga!).  
[2025-06-01 02:47:55] local.INFO: --- AuthenticateFirebase Middleware Start ---  
[2025-06-01 02:47:55] local.INFO: Request URL: http://127.0.0.1:8000/counselor/0LJYiZgW3pUlbDAxepLz4xiYMDm2  
[2025-06-01 02:47:55] local.INFO: Session UID exists: true  
[2025-06-01 02:47:55] local.INFO: Request expects JSON: false  
[2025-06-01 02:47:55] local.INFO: Request is AJAX: false  
[2025-06-01 02:47:55] local.INFO: Request Method: GET  
[2025-06-01 02:47:55] local.INFO: Pengguna terotentikasi. Melanjutkan request.  
[2025-06-01 02:47:58] local.INFO: --- AuthenticateFirebase Middleware Start ---  
[2025-06-01 02:47:58] local.INFO: Request URL: http://127.0.0.1:8000/history  
[2025-06-01 02:47:58] local.INFO: Session UID exists: true  
[2025-06-01 02:47:58] local.INFO: Request expects JSON: false  
[2025-06-01 02:47:58] local.INFO: Request is AJAX: false  
[2025-06-01 02:47:58] local.INFO: Request Method: GET  
[2025-06-01 02:47:58] local.INFO: Pengguna terotentikasi. Melanjutkan request.  
[2025-06-01 02:47:58] local.INFO: Mulai mengambil riwayat booking untuk userId: x7Xruh9qtSMGA7n3X2yyuPeJX3I3  
[2025-06-01 02:47:59] local.INFO: Total riwayat booking ditemukan: 1  
[2025-06-01 02:48:00] local.INFO: --- AuthenticateFirebase Middleware Start ---  
[2025-06-01 02:48:00] local.INFO: Request URL: http://127.0.0.1:8000/chat  
[2025-06-01 02:48:00] local.INFO: Session UID exists: true  
[2025-06-01 02:48:00] local.INFO: Request expects JSON: false  
[2025-06-01 02:48:00] local.INFO: Request is AJAX: false  
[2025-06-01 02:48:00] local.INFO: Request Method: GET  
[2025-06-01 02:48:00] local.INFO: Pengguna terotentikasi. Melanjutkan request.  
[2025-06-01 02:48:00] local.INFO: Mulai mengambil daftar chat aktif untuk userId: x7Xruh9qtSMGA7n3X2yyuPeJX3I3  
[2025-06-01 02:48:01] local.INFO: Total chat aktif ditemukan: 1  
[2025-06-01 02:48:02] local.INFO: --- AuthenticateFirebase Middleware Start ---  
[2025-06-01 02:48:02] local.INFO: Request URL: http://127.0.0.1:8000/chat/0LJYiZgW3pUlbDAxepLz4xiYMDm2/8bb78fc092304f498141/IT8gtx5ok3PPrx9EvHve  
[2025-06-01 02:48:02] local.INFO: Session UID exists: true  
[2025-06-01 02:48:02] local.INFO: Request expects JSON: false  
[2025-06-01 02:48:02] local.INFO: Request is AJAX: false  
[2025-06-01 02:48:02] local.INFO: Request Method: GET  
[2025-06-01 02:48:02] local.INFO: Pengguna terotentikasi. Melanjutkan request.  
[2025-06-01 02:48:02] local.INFO: Memuat riwayat pesan antara x7Xruh9qtSMGA7n3X2yyuPeJX3I3 dan 0LJYiZgW3pUlbDAxepLz4xiYMDm2 untuk booking 8bb78fc092304f498141  
[2025-06-01 02:48:03] local.INFO: Total pesan chat ditemukan: 0  
[2025-06-01 02:48:03] local.INFO: --- AuthenticateFirebase Middleware Start ---  
[2025-06-01 02:48:03] local.INFO: Request URL: http://127.0.0.1:8000/chat/get-session-messages  
[2025-06-01 02:48:03] local.INFO: Session UID exists: true  
[2025-06-01 02:48:03] local.INFO: Request expects JSON: true  
[2025-06-01 02:48:03] local.INFO: Request is AJAX: true  
[2025-06-01 02:48:03] local.INFO: Request Method: POST  
[2025-06-01 02:48:03] local.INFO: Pengguna terotentikasi. Melanjutkan request.  
[2025-06-01 02:48:03] local.INFO: Memuat pesan chat untuk sesi AJAX antara x7Xruh9qtSMGA7n3X2yyuPeJX3I3 dan 0LJYiZgW3pUlbDAxepLz4xiYMDm2 untuk booking 8bb78fc092304f498141.  
[2025-06-01 02:48:04] local.INFO: Total pesan chat untuk AJAX ditemukan: 0  
[2025-06-01 02:48:37] local.INFO: --- AuthenticateFirebase Middleware Start ---  
[2025-06-01 02:48:37] local.INFO: Request URL: http://127.0.0.1:8000/chat/send-message  
[2025-06-01 02:48:37] local.INFO: Session UID exists: true  
[2025-06-01 02:48:37] local.INFO: Request expects JSON: true  
[2025-06-01 02:48:37] local.INFO: Request is AJAX: true  
[2025-06-01 02:48:37] local.INFO: Request Method: POST  
[2025-06-01 02:48:37] local.INFO: Pengguna terotentikasi. Melanjutkan request.  
[2025-06-01 02:48:38] local.INFO: Pesan berhasil dikirim dari x7Xruh9qtSMGA7n3X2yyuPeJX3I3 ke 0LJYiZgW3pUlbDAxepLz4xiYMDm2 untuk booking 8bb78fc092304f498141  
[2025-06-01 02:48:38] local.INFO: --- AuthenticateFirebase Middleware Start ---  
[2025-06-01 02:48:38] local.INFO: Request URL: http://127.0.0.1:8000/chat/get-session-messages  
[2025-06-01 02:48:38] local.INFO: Session UID exists: true  
[2025-06-01 02:48:38] local.INFO: Request expects JSON: true  
[2025-06-01 02:48:38] local.INFO: Request is AJAX: true  
[2025-06-01 02:48:38] local.INFO: Request Method: POST  
[2025-06-01 02:48:38] local.INFO: Pengguna terotentikasi. Melanjutkan request.  
[2025-06-01 02:48:38] local.INFO: Memuat pesan chat untuk sesi AJAX antara x7Xruh9qtSMGA7n3X2yyuPeJX3I3 dan 0LJYiZgW3pUlbDAxepLz4xiYMDm2 untuk booking 8bb78fc092304f498141.  
[2025-06-01 02:48:39] local.INFO: Total pesan chat untuk AJAX ditemukan: 1  
[2025-06-01 02:49:00] local.INFO: --- AuthenticateFirebase Middleware Start ---  
[2025-06-01 02:49:00] local.INFO: Request URL: http://127.0.0.1:8000/chat/complete-session  
[2025-06-01 02:49:00] local.INFO: Session UID exists: true  
[2025-06-01 02:49:00] local.INFO: Request expects JSON: false  
[2025-06-01 02:49:00] local.INFO: Request is AJAX: false  
[2025-06-01 02:49:00] local.INFO: Request Method: POST  
[2025-06-01 02:49:00] local.INFO: Pengguna terotentikasi. Melanjutkan request.  
[2025-06-01 02:49:01] local.INFO: Dokumen booking dihapus: 8bb78fc092304f498141  
[2025-06-01 02:49:01] local.INFO: Status isBooked pada schedule IT8gtx5ok3PPrx9EvHve diupdate ke false  
[2025-06-01 02:49:01] local.INFO: Total 1 pesan chat terkait booking 8bb78fc092304f498141 dihapus.  
[2025-06-01 02:49:04] local.INFO: --- AuthenticateFirebase Middleware Start ---  
[2025-06-01 02:49:04] local.INFO: Request URL: http://127.0.0.1:8000/chat  
[2025-06-01 02:49:04] local.INFO: Session UID exists: true  
[2025-06-01 02:49:04] local.INFO: Request expects JSON: false  
[2025-06-01 02:49:04] local.INFO: Request is AJAX: false  
[2025-06-01 02:49:04] local.INFO: Request Method: GET  
[2025-06-01 02:49:04] local.INFO: Pengguna terotentikasi. Melanjutkan request.  
[2025-06-01 02:49:04] local.INFO: Mulai mengambil daftar chat aktif untuk userId: x7Xruh9qtSMGA7n3X2yyuPeJX3I3  
[2025-06-01 02:49:04] local.INFO: Total chat aktif ditemukan: 0  
[2025-06-01 02:49:06] local.INFO: --- AuthenticateFirebase Middleware Start ---  
[2025-06-01 02:49:06] local.INFO: Request URL: http://127.0.0.1:8000/profile  
[2025-06-01 02:49:06] local.INFO: Session UID exists: true  
[2025-06-01 02:49:06] local.INFO: Request expects JSON: false  
[2025-06-01 02:49:06] local.INFO: Request is AJAX: false  
[2025-06-01 02:49:06] local.INFO: Request Method: GET  
[2025-06-01 02:49:06] local.INFO: Pengguna terotentikasi. Melanjutkan request.  
[2025-06-01 02:49:08] local.INFO: --- AuthenticateFirebase Middleware Start ---  
[2025-06-01 02:49:08] local.INFO: Request URL: http://127.0.0.1:8000/home  
[2025-06-01 02:49:08] local.INFO: Session UID exists: true  
[2025-06-01 02:49:08] local.INFO: Request expects JSON: false  
[2025-06-01 02:49:08] local.INFO: Request is AJAX: false  
[2025-06-01 02:49:08] local.INFO: Request Method: GET  
[2025-06-01 02:49:08] local.INFO: Pengguna terotentikasi. Melanjutkan request.  
[2025-06-01 02:49:10] local.INFO: --- AuthenticateFirebase Middleware Start ---  
[2025-06-01 02:49:10] local.INFO: Request URL: http://127.0.0.1:8000/history  
[2025-06-01 02:49:10] local.INFO: Session UID exists: true  
[2025-06-01 02:49:10] local.INFO: Request expects JSON: false  
[2025-06-01 02:49:10] local.INFO: Request is AJAX: false  
[2025-06-01 02:49:10] local.INFO: Request Method: GET  
[2025-06-01 02:49:10] local.INFO: Pengguna terotentikasi. Melanjutkan request.  
[2025-06-01 02:49:10] local.INFO: Mulai mengambil riwayat booking untuk userId: x7Xruh9qtSMGA7n3X2yyuPeJX3I3  
[2025-06-01 02:49:11] local.INFO: Total riwayat booking ditemukan: 1  
[2025-06-01 02:49:16] local.INFO: --- AuthenticateFirebase Middleware Start ---  
[2025-06-01 02:49:16] local.INFO: Request URL: http://127.0.0.1:8000/profile  
[2025-06-01 02:49:16] local.INFO: Session UID exists: true  
[2025-06-01 02:49:16] local.INFO: Request expects JSON: false  
[2025-06-01 02:49:16] local.INFO: Request is AJAX: false  
[2025-06-01 02:49:16] local.INFO: Request Method: GET  
[2025-06-01 02:49:16] local.INFO: Pengguna terotentikasi. Melanjutkan request.  
[2025-06-01 02:49:20] local.INFO: LoginController: __construct called.  
[2025-06-01 02:49:20] local.INFO: LoginController: Firebase instances resolved in constructor.  
[2025-06-01 02:49:20] local.INFO: Logout berhasil.  
[2025-06-01 02:49:21] local.INFO: LoginController: __construct called.  
[2025-06-01 02:49:21] local.INFO: LoginController: Firebase instances resolved in constructor.  
[2025-06-01 03:01:37] local.INFO: LoginController: __construct called.  
[2025-06-01 03:01:38] local.INFO: LoginController: Firebase instances resolved in constructor.  
[2025-06-01 03:01:38] local.INFO: LoginController: login method started.  
[2025-06-01 03:01:38] local.INFO: LoginController: Attempting to verify ID Token.  
[2025-06-01 03:01:39] local.INFO: LoginController: ID Token verified. UID: ok3vVLkAjWh30peiDyoptEBv99a2  
[2025-06-01 03:01:39] local.ERROR: Login Error caught in LoginController: Maximum call stack size of 67043328 bytes (zend.max_allowed_stack_size - zend.reserved_stack_size) reached. Infinite recursion? {"trace":"#0 [internal function]: Google\\ApiCore\\CredentialsWrapper->Google\\ApiCore\\{closure}(Object(stdClass))
#1 C:\\laragon\\www\\WebGasKonsul\\vendor\\grpc\\grpc\\src\\lib\\ServerStreamingCall.php(43): Grpc\\Call->startBatch(Array)
#2 C:\\laragon\\www\\WebGasKonsul\\vendor\\grpc\\grpc\\src\\lib\\BaseStub.php(368): Grpc\\ServerStreamingCall->start(Object(Google\\Cloud\\Firestore\\V1\\BatchGetDocumentsRequest), Array, Array)
#3 C:\\laragon\\www\\WebGasKonsul\\vendor\\grpc\\grpc\\src\\lib\\BaseStub.php(593): Grpc\\BaseStub->Grpc\\{closure}('/google.firesto...', Object(Google\\Cloud\\Firestore\\V1\\BatchGetDocumentsRequest), Array, Array, Array)
#4 C:\\laragon\\www\\WebGasKonsul\\vendor\\google\\gax\\src\\Transport\\GrpcTransport.php(227): Grpc\\BaseStub->_serverStreamRequest('/google.firesto...', Object(Google\\Cloud\\Firestore\\V1\\BatchGetDocumentsRequest), Array, Array, Array)
#5 C:\\laragon\\www\\WebGasKonsul\\vendor\\google\\gax\\src\\GapicClientTrait.php(664): Google\\ApiCore\\Transport\\GrpcTransport->startServerStreamingCall(Object(Google\\ApiCore\\Call), Array)
#6 C:\\laragon\\www\\WebGasKonsul\\vendor\\google\\gax\\src\\Middleware\\CredentialsWrapperMiddleware.php(60): Google\\Cloud\\Firestore\\V1\\Gapic\\FirestoreGapicClient->Google\\ApiCore\\{closure}(Object(Google\\ApiCore\\Call), Array)
#7 C:\\laragon\\www\\WebGasKonsul\\vendor\\google\\gax\\src\\Middleware\\FixedHeaderMiddleware.php(67): Google\\ApiCore\\Middleware\\CredentialsWrapperMiddleware->__invoke(Object(Google\\ApiCore\\Call), Array)
#8 C:\\laragon\\www\\WebGasKonsul\\vendor\\google\\gax\\src\\Middleware\\RetryMiddleware.php(94): Google\\ApiCore\\Middleware\\FixedHeaderMiddleware->__invoke(Object(Google\\ApiCore\\Call), Array)
#9 C:\\laragon\\www\\WebGasKonsul\\vendor\\google\\gax\\src\\Middleware\\RequestAutoPopulationMiddleware.php(73): Google\\ApiCore\\Middleware\\RetryMiddleware->__invoke(Object(Google\\ApiCore\\Call), Array)
#10 C:\\laragon\\www\\WebGasKonsul\\vendor\\google\\gax\\src\\Middleware\\OptionsFilterMiddleware.php(60): Google\\ApiCore\\Middleware\\RequestAutoPopulationMiddleware->__invoke(Object(Google\\ApiCore\\Call), Array)
#11 C:\\laragon\\www\\WebGasKonsul\\vendor\\google\\gax\\src\\GapicClientTrait.php(630): Google\\ApiCore\\Middleware\\OptionsFilterMiddleware->__invoke(Object(Google\\ApiCore\\Call), Array)
#12 C:\\laragon\\www\\WebGasKonsul\\vendor\\google\\cloud-firestore\\src\\V1\\Gapic\\FirestoreGapicClient.php(294): Google\\Cloud\\Firestore\\V1\\Gapic\\FirestoreGapicClient->startCall('BatchGetDocumen...', 'Google\\\\Cloud\\\\Fi...', Array, Object(Google\\Cloud\\Firestore\\V1\\BatchGetDocumentsRequest), 3)
#13 [internal function]: Google\\Cloud\\Firestore\\V1\\Gapic\\FirestoreGapicClient->batchGetDocuments('projects/abpx-6...', Array, Array)
#14 C:\\laragon\\www\\WebGasKonsul\\vendor\\google\\cloud-core\\src\\ExponentialBackoff.php(97): call_user_func_array(Array, Array)
#15 C:\\laragon\\www\\WebGasKonsul\\vendor\\google\\cloud-core\\src\\GrpcRequestWrapper.php(134): Google\\Cloud\\Core\\ExponentialBackoff->execute(Array, Array)
#16 C:\\laragon\\www\\WebGasKonsul\\vendor\\google\\cloud-core\\src\\GrpcTrait.php(79): Google\\Cloud\\Core\\GrpcRequestWrapper->send(Array, Array, Array)
#17 C:\\laragon\\www\\WebGasKonsul\\vendor\\google\\cloud-firestore\\src\\Connection\\Grpc.php(143): Google\\Cloud\\Firestore\\Connection\\Grpc->send(Array, Array)
#18 C:\\laragon\\www\\WebGasKonsul\\vendor\\google\\cloud-firestore\\src\\SnapshotTrait.php(113): Google\\Cloud\\Firestore\\Connection\\Grpc->batchGetDocuments(Array)
#19 C:\\laragon\\www\\WebGasKonsul\\vendor\\google\\cloud-firestore\\src\\SnapshotTrait.php(63): Google\\Cloud\\Firestore\\DocumentReference->getSnapshot(Object(Google\\Cloud\\Firestore\\Connection\\Grpc), 'projects/abpx-6...', Array)
#20 C:\\laragon\\www\\WebGasKonsul\\vendor\\google\\cloud-firestore\\src\\DocumentReference.php(350): Google\\Cloud\\Firestore\\DocumentReference->createSnapshot(Object(Google\\Cloud\\Firestore\\Connection\\Grpc), Object(Google\\Cloud\\Firestore\\ValueMapper), Object(Google\\Cloud\\Firestore\\DocumentReference), Array)
#21 C:\\laragon\\www\\WebGasKonsul\\app\\Http\\Controllers\\LoginController.php(62): Google\\Cloud\\Firestore\\DocumentReference->snapshot()
#22 C:\\laragon\\www\\WebGasKonsul\\vendor\\laravel\\framework\\src\\Illuminate\\Routing\\ControllerDispatcher.php(47): App\\Http\\Controllers\\LoginController->login(Object(Illuminate\\Http\\Request))
#23 C:\\laragon\\www\\WebGasKonsul\\vendor\\laravel\\framework\\src\\Illuminate\\Routing\\Route.php(266): Illuminate\\Routing\\ControllerDispatcher->dispatch(Object(Illuminate\\Routing\\Route), Object(App\\Http\\Controllers\\LoginController), 'login')
#24 C:\\laragon\\www\\WebGasKonsul\\vendor\\laravel\\framework\\src\\Illuminate\\Routing\\Route.php(212): Illuminate\\Routing\\Route->runController()
#25 C:\\laragon\\www\\WebGasKonsul\\vendor\\laravel\\framework\\src\\Illuminate\\Routing\\Router.php(808): Illuminate\\Routing\\Route->run()
#26 C:\\laragon\\www\\WebGasKonsul\\vendor\\laravel\\framework\\src\\Illuminate\\Pipeline\\Pipeline.php(170): Illuminate\\Routing\\Router->Illuminate\\Routing\\{closure}(Object(Illuminate\\Http\\Request))
#27 C:\\laragon\\www\\WebGasKonsul\\vendor\\laravel\\framework\\src\\Illuminate\\Routing\\Middleware\\SubstituteBindings.php(51): Illuminate\\Pipeline\\Pipeline->Illuminate\\Pipeline\\{closure}(Object(Illuminate\\Http\\Request))
#28 C:\\laragon\\www\\WebGasKonsul\\vendor\\laravel\\framework\\src\\Illuminate\\Pipeline\\Pipeline.php(209): Illuminate\\Routing\\Middleware\\SubstituteBindings->handle(Object(Illuminate\\Http\\Request), Object(Closure))
#29 C:\\laragon\\www\\WebGasKonsul\\vendor\\laravel\\framework\\src\\Illuminate\\Foundation\\Http\\Middleware\\VerifyCsrfToken.php(88): Illuminate\\Pipeline\\Pipeline->Illuminate\\Pipeline\\{closure}(Object(Illuminate\\Http\\Request))
#30 C:\\laragon\\www\\WebGasKonsul\\vendor\\laravel\\framework\\src\\Illuminate\\Pipeline\\Pipeline.php(209): Illuminate\\Foundation\\Http\\Middleware\\VerifyCsrfToken->handle(Object(Illuminate\\Http\\Request), Object(Closure))
#31 C:\\laragon\\www\\WebGasKonsul\\vendor\\laravel\\framework\\src\\Illuminate\\View\\Middleware\\ShareErrorsFromSession.php(49): Illuminate\\Pipeline\\Pipeline->Illuminate\\Pipeline\\{closure}(Object(Illuminate\\Http\\Request))
#32 C:\\laragon\\www\\WebGasKonsul\\vendor\\laravel\\framework\\src\\Illuminate\\Pipeline\\Pipeline.php(209): Illuminate\\View\\Middleware\\ShareErrorsFromSession->handle(Object(Illuminate\\Http\\Request), Object(Closure))
#33 C:\\laragon\\www\\WebGasKonsul\\vendor\\laravel\\framework\\src\\Illuminate\\Session\\Middleware\\StartSession.php(121): Illuminate\\Pipeline\\Pipeline->Illuminate\\Pipeline\\{closure}(Object(Illuminate\\Http\\Request))
#34 C:\\laragon\\www\\WebGasKonsul\\vendor\\laravel\\framework\\src\\Illuminate\\Session\\Middleware\\StartSession.php(64): Illuminate\\Session\\Middleware\\StartSession->handleStatefulRequest(Object(Illuminate\\Http\\Request), Object(Illuminate\\Session\\Store), Object(Closure))
#35 C:\\laragon\\www\\WebGasKonsul\\vendor\\laravel\\framework\\src\\Illuminate\\Pipeline\\Pipeline.php(209): Illuminate\\Session\\Middleware\\StartSession->handle(Object(Illuminate\\Http\\Request), Object(Closure))
#36 C:\\laragon\\www\\WebGasKonsul\\vendor\\laravel\\framework\\src\\Illuminate\\Cookie\\Middleware\\AddQueuedCookiesToResponse.php(37): Illuminate\\Pipeline\\Pipeline->Illuminate\\Pipeline\\{closure}(Object(Illuminate\\Http\\Request))
#37 C:\\laragon\\www\\WebGasKonsul\\vendor\\laravel\\framework\\src\\Illuminate\\Pipeline\\Pipeline.php(209): Illuminate\\Cookie\\Middleware\\AddQueuedCookiesToResponse->handle(Object(Illuminate\\Http\\Request), Object(Closure))
#38 C:\\laragon\\www\\WebGasKonsul\\vendor\\laravel\\framework\\src\\Illuminate\\Cookie\\Middleware\\EncryptCookies.php(75): Illuminate\\Pipeline\\Pipeline->Illuminate\\Pipeline\\{closure}(Object(Illuminate\\Http\\Request))
#39 C:\\laragon\\www\\WebGasKonsul\\vendor\\laravel\\framework\\src\\Illuminate\\Pipeline\\Pipeline.php(209): Illuminate\\Cookie\\Middleware\\EncryptCookies->handle(Object(Illuminate\\Http\\Request), Object(Closure))
#40 C:\\laragon\\www\\WebGasKonsul\\vendor\\laravel\\framework\\src\\Illuminate\\Pipeline\\Pipeline.php(127): Illuminate\\Pipeline\\Pipeline->Illuminate\\Pipeline\\{closure}(Object(Illuminate\\Http\\Request))
#41 C:\\laragon\\www\\WebGasKonsul\\vendor\\laravel\\framework\\src\\Illuminate\\Routing\\Router.php(807): Illuminate\\Pipeline\\Pipeline->then(Object(Closure))
#42 C:\\laragon\\www\\WebGasKonsul\\vendor\\laravel\\framework\\src\\Illuminate\\Routing\\Router.php(786): Illuminate\\Routing\\Router->runRouteWithinStack(Object(Illuminate\\Routing\\Route), Object(Illuminate\\Http\\Request))
#43 C:\\laragon\\www\\WebGasKonsul\\vendor\\laravel\\framework\\src\\Illuminate\\Routing\\Router.php(750): Illuminate\\Routing\\Router->runRoute(Object(Illuminate\\Http\\Request), Object(Illuminate\\Routing\\Route))
#44 C:\\laragon\\www\\WebGasKonsul\\vendor\\laravel\\framework\\src\\Illuminate\\Routing\\Router.php(739): Illuminate\\Routing\\Router->dispatchToRoute(Object(Illuminate\\Http\\Request))
#45 C:\\laragon\\www\\WebGasKonsul\\vendor\\laravel\\framework\\src\\Illuminate\\Foundation\\Http\\Kernel.php(201): Illuminate\\Routing\\Router->dispatch(Object(Illuminate\\Http\\Request))
#46 C:\\laragon\\www\\WebGasKonsul\\vendor\\laravel\\framework\\src\\Illuminate\\Pipeline\\Pipeline.php(170): Illuminate\\Foundation\\Http\\Kernel->Illuminate\\Foundation\\Http\\{closure}(Object(Illuminate\\Http\\Request))
#47 C:\\laragon\\www\\WebGasKonsul\\vendor\\laravel\\framework\\src\\Illuminate\\Foundation\\Http\\Middleware\\TransformsRequest.php(21): Illuminate\\Pipeline\\Pipeline->Illuminate\\Pipeline\\{closure}(Object(Illuminate\\Http\\Request))
#48 C:\\laragon\\www\\WebGasKonsul\\vendor\\laravel\\framework\\src\\Illuminate\\Foundation\\Http\\Middleware\\ConvertEmptyStringsToNull.php(31): Illuminate\\Foundation\\Http\\Middleware\\TransformsRequest->handle(Object(Illuminate\\Http\\Request), Object(Closure))
#49 C:\\laragon\\www\\WebGasKonsul\\vendor\\laravel\\framework\\src\\Illuminate\\Pipeline\\Pipeline.php(209): Illuminate\\Foundation\\Http\\Middleware\\ConvertEmptyStringsToNull->handle(Object(Illuminate\\Http\\Request), Object(Closure))
#50 C:\\laragon\\www\\WebGasKonsul\\vendor\\laravel\\framework\\src\\Illuminate\\Foundation\\Http\\Middleware\\TransformsRequest.php(21): Illuminate\\Pipeline\\Pipeline->Illuminate\\Pipeline\\{closure}(Object(Illuminate\\Http\\Request))
#51 C:\\laragon\\www\\WebGasKonsul\\vendor\\laravel\\framework\\src\\Illuminate\\Foundation\\Http\\Middleware\\TrimStrings.php(51): Illuminate\\Foundation\\Http\\Middleware\\TransformsRequest->handle(Object(Illuminate\\Http\\Request), Object(Closure))
#52 C:\\laragon\\www\\WebGasKonsul\\vendor\\laravel\\framework\\src\\Illuminate\\Pipeline\\Pipeline.php(209): Illuminate\\Foundation\\Http\\Middleware\\TrimStrings->handle(Object(Illuminate\\Http\\Request), Object(Closure))
#53 C:\\laragon\\www\\WebGasKonsul\\vendor\\laravel\\framework\\src\\Illuminate\\Http\\Middleware\\ValidatePostSize.php(27): Illuminate\\Pipeline\\Pipeline->Illuminate\\Pipeline\\{closure}(Object(Illuminate\\Http\\Request))
#54 C:\\laragon\\www\\WebGasKonsul\\vendor\\laravel\\framework\\src\\Illuminate\\Pipeline\\Pipeline.php(209): Illuminate\\Http\\Middleware\\ValidatePostSize->handle(Object(Illuminate\\Http\\Request), Object(Closure))
#55 C:\\laragon\\www\\WebGasKonsul\\vendor\\laravel\\framework\\src\\Illuminate\\Foundation\\Http\\Middleware\\PreventRequestsDuringMaintenance.php(110): Illuminate\\Pipeline\\Pipeline->Illuminate\\Pipeline\\{closure}(Object(Illuminate\\Http\\Request))
#56 C:\\laragon\\www\\WebGasKonsul\\vendor\\laravel\\framework\\src\\Illuminate\\Pipeline\\Pipeline.php(209): Illuminate\\Foundation\\Http\\Middleware\\PreventRequestsDuringMaintenance->handle(Object(Illuminate\\Http\\Request), Object(Closure))
#57 C:\\laragon\\www\\WebGasKonsul\\vendor\\laravel\\framework\\src\\Illuminate\\Http\\Middleware\\HandleCors.php(49): Illuminate\\Pipeline\\Pipeline->Illuminate\\Pipeline\\{closure}(Object(Illuminate\\Http\\Request))
#58 C:\\laragon\\www\\WebGasKonsul\\vendor\\laravel\\framework\\src\\Illuminate\\Pipeline\\Pipeline.php(209): Illuminate\\Http\\Middleware\\HandleCors->handle(Object(Illuminate\\Http\\Request), Object(Closure))
#59 C:\\laragon\\www\\WebGasKonsul\\vendor\\laravel\\framework\\src\\Illuminate\\Http\\Middleware\\TrustProxies.php(58): Illuminate\\Pipeline\\Pipeline->Illuminate\\Pipeline\\{closure}(Object(Illuminate\\Http\\Request))
#60 C:\\laragon\\www\\WebGasKonsul\\vendor\\laravel\\framework\\src\\Illuminate\\Pipeline\\Pipeline.php(209): Illuminate\\Http\\Middleware\\TrustProxies->handle(Object(Illuminate\\Http\\Request), Object(Closure))
#61 C:\\laragon\\www\\WebGasKonsul\\vendor\\laravel\\framework\\src\\Illuminate\\Foundation\\Http\\Middleware\\InvokeDeferredCallbacks.php(22): Illuminate\\Pipeline\\Pipeline->Illuminate\\Pipeline\\{closure}(Object(Illuminate\\Http\\Request))
#62 C:\\laragon\\www\\WebGasKonsul\\vendor\\laravel\\framework\\src\\Illuminate\\Pipeline\\Pipeline.php(209): Illuminate\\Foundation\\Http\\Middleware\\InvokeDeferredCallbacks->handle(Object(Illuminate\\Http\\Request), Object(Closure))
#63 C:\\laragon\\www\\WebGasKonsul\\vendor\\laravel\\framework\\src\\Illuminate\\Pipeline\\Pipeline.php(127): Illuminate\\Pipeline\\Pipeline->Illuminate\\Pipeline\\{closure}(Object(Illuminate\\Http\\Request))
#64 C:\\laragon\\www\\WebGasKonsul\\vendor\\laravel\\framework\\src\\Illuminate\\Foundation\\Http\\Kernel.php(176): Illuminate\\Pipeline\\Pipeline->then(Object(Closure))
#65 C:\\laragon\\www\\WebGasKonsul\\vendor\\laravel\\framework\\src\\Illuminate\\Foundation\\Http\\Kernel.php(145): Illuminate\\Foundation\\Http\\Kernel->sendRequestThroughRouter(Object(Illuminate\\Http\\Request))
#66 C:\\laragon\\www\\WebGasKonsul\\vendor\\laravel\\framework\\src\\Illuminate\\Foundation\\Application.php(1220): Illuminate\\Foundation\\Http\\Kernel->handle(Object(Illuminate\\Http\\Request))
#67 C:\\laragon\\www\\WebGasKonsul\\public\\index.php(20): Illuminate\\Foundation\\Application->handleRequest(Object(Illuminate\\Http\\Request))
#68 C:\\laragon\\www\\WebGasKonsul\\vendor\\laravel\\framework\\src\\Illuminate\\Foundation\\resources\\server.php(23): require_once('C:\\\\laragon\\\\www\\\\...')
#69 {main}","idToken_provided":true,"uid_from_token":"ok3vVLkAjWh30peiDyoptEBv99a2"} 
[2025-06-01 03:01:41] local.INFO: LoginController: __construct called.  
[2025-06-01 03:01:41] local.INFO: LoginController: Firebase instances resolved in constructor.  
[2025-06-01 03:01:41] local.INFO: LoginController: login method started.  
[2025-06-01 03:01:41] local.INFO: LoginController: Attempting to verify ID Token.  
[2025-06-01 03:01:42] local.INFO: LoginController: ID Token verified. UID: ok3vVLkAjWh30peiDyoptEBv99a2  
[2025-06-01 03:01:43] local.INFO: LoginController: Attempting to get counselor document snapshot for UID: ok3vVLkAjWh30peiDyoptEBv99a2  
[2025-06-01 03:01:43] local.INFO: LoginController: Counselor document snapshot obtained. Exists: false  
[2025-06-01 03:01:43] local.INFO: Login berhasil. UID: ok3vVLkAjWh30peiDyoptEBv99a2, Nama: Mishima Reina, Role: User  
[2025-06-01 03:01:45] local.INFO: --- AuthenticateFirebase Middleware Start ---  
[2025-06-01 03:01:45] local.INFO: Request URL: http://127.0.0.1:8000/home  
[2025-06-01 03:01:45] local.INFO: Session UID exists: true  
[2025-06-01 03:01:45] local.INFO: Request expects JSON: false  
[2025-06-01 03:01:45] local.INFO: Request is AJAX: false  
[2025-06-01 03:01:45] local.INFO: Request Method: GET  
[2025-06-01 03:01:45] local.INFO: Pengguna terotentikasi. Melanjutkan request.  
[2025-06-01 03:03:25] local.INFO: --- AuthenticateFirebase Middleware Start ---  
[2025-06-01 03:03:25] local.INFO: Request URL: http://127.0.0.1:8000/home  
[2025-06-01 03:03:25] local.INFO: Session UID exists: true  
[2025-06-01 03:03:25] local.INFO: Request expects JSON: false  
[2025-06-01 03:03:25] local.INFO: Request is AJAX: false  
[2025-06-01 03:03:25] local.INFO: Request Method: GET  
[2025-06-01 03:03:25] local.INFO: Pengguna terotentikasi. Melanjutkan request.  
[2025-06-01 03:19:23] local.INFO: Pendaftaran counselor berhasil. UID: nS0qWfSYS6MOB4WJP71HB6yETjB3, Email: leon@gmail.com  
[2025-06-01 03:20:01] local.INFO: Pendaftaran user berhasil. UID: 8m5FCucAOdT8JHW2eARDnjNhtKv1, Email: ethan@gmail.com  
[2025-06-01 03:20:10] local.INFO: LoginController: __construct called.  
[2025-06-01 03:20:10] local.INFO: LoginController: Firebase instances resolved in constructor.  
[2025-06-01 03:20:10] local.INFO: LoginController: login method started.  
[2025-06-01 03:20:10] local.INFO: LoginController: Attempting to verify ID Token.  
[2025-06-01 03:20:11] local.INFO: LoginController: ID Token verified. UID: 8m5FCucAOdT8JHW2eARDnjNhtKv1  
[2025-06-01 03:20:12] local.INFO: LoginController: Attempting to get counselor document snapshot for UID: 8m5FCucAOdT8JHW2eARDnjNhtKv1  
[2025-06-01 03:20:12] local.INFO: LoginController: Counselor document snapshot obtained. Exists: false  
[2025-06-01 03:20:12] local.INFO: Login berhasil. UID: 8m5FCucAOdT8JHW2eARDnjNhtKv1, Nama: Ethan Winters, Role: User  
[2025-06-01 03:20:14] local.INFO: --- AuthenticateFirebase Middleware Start ---  
[2025-06-01 03:20:14] local.INFO: Request URL: http://127.0.0.1:8000/home  
[2025-06-01 03:20:14] local.INFO: Session UID exists: true  
[2025-06-01 03:20:14] local.INFO: Request expects JSON: false  
[2025-06-01 03:20:14] local.INFO: Request is AJAX: false  
[2025-06-01 03:20:14] local.INFO: Request Method: GET  
[2025-06-01 03:20:14] local.INFO: Pengguna terotentikasi. Melanjutkan request.  
[2025-06-01 03:21:00] local.INFO: --- AuthenticateFirebase Middleware Start ---  
[2025-06-01 03:21:00] local.INFO: Request URL: http://127.0.0.1:8000/home  
[2025-06-01 03:21:00] local.INFO: Session UID exists: true  
[2025-06-01 03:21:00] local.INFO: Request expects JSON: false  
[2025-06-01 03:21:00] local.INFO: Request is AJAX: false  
[2025-06-01 03:21:00] local.INFO: Request Method: GET  
[2025-06-01 03:21:00] local.INFO: Pengguna terotentikasi. Melanjutkan request.  
[2025-06-01 03:21:30] local.INFO: --- AuthenticateFirebase Middleware Start ---  
[2025-06-01 03:21:30] local.INFO: Request URL: http://127.0.0.1:8000/profile  
[2025-06-01 03:21:30] local.INFO: Session UID exists: true  
[2025-06-01 03:21:30] local.INFO: Request expects JSON: false  
[2025-06-01 03:21:30] local.INFO: Request is AJAX: false  
[2025-06-01 03:21:30] local.INFO: Request Method: GET  
[2025-06-01 03:21:30] local.INFO: Pengguna terotentikasi. Melanjutkan request.  
[2025-06-01 03:21:46] local.INFO: --- AuthenticateFirebase Middleware Start ---  
[2025-06-01 03:21:46] local.INFO: Request URL: http://127.0.0.1:8000/profile/update-avatar  
[2025-06-01 03:21:46] local.INFO: Session UID exists: true  
[2025-06-01 03:21:46] local.INFO: Request expects JSON: true  
[2025-06-01 03:21:46] local.INFO: Request is AJAX: true  
[2025-06-01 03:21:46] local.INFO: Request Method: POST  
[2025-06-01 03:21:46] local.INFO: Pengguna terotentikasi. Melanjutkan request.  
[2025-06-01 03:21:46] local.INFO: Attempting to update avatar for UID: 8m5FCucAOdT8JHW2eARDnjNhtKv1  
[2025-06-01 03:21:48] local.INFO: --- AuthenticateFirebase Middleware Start ---  
[2025-06-01 03:21:48] local.INFO: Request URL: http://127.0.0.1:8000/profile/update-data  
[2025-06-01 03:21:48] local.INFO: Session UID exists: true  
[2025-06-01 03:21:48] local.INFO: Request expects JSON: true  
[2025-06-01 03:21:48] local.INFO: Request is AJAX: true  
[2025-06-01 03:21:48] local.INFO: Request Method: POST  
[2025-06-01 03:21:48] local.INFO: Pengguna terotentikasi. Melanjutkan request.  
[2025-06-01 03:21:49] local.INFO: Attempting to update profile data for UID: 8m5FCucAOdT8JHW2eARDnjNhtKv1  
[2025-06-01 03:21:49] local.INFO: Data sent to Firestore for update: {"name":"Ethan Winters","phone":"+62 56789234"}  
[2025-06-01 03:21:53] local.INFO: --- AuthenticateFirebase Middleware Start ---  
[2025-06-01 03:21:53] local.INFO: Request URL: http://127.0.0.1:8000/home  
[2025-06-01 03:21:53] local.INFO: Session UID exists: true  
[2025-06-01 03:21:53] local.INFO: Request expects JSON: false  
[2025-06-01 03:21:53] local.INFO: Request is AJAX: false  
[2025-06-01 03:21:53] local.INFO: Request Method: GET  
[2025-06-01 03:21:53] local.INFO: Pengguna terotentikasi. Melanjutkan request.  
[2025-06-01 03:23:21] local.INFO: --- AuthenticateFirebase Middleware Start ---  
[2025-06-01 03:23:21] local.INFO: Request URL: http://127.0.0.1:8000/counselor/nS0qWfSYS6MOB4WJP71HB6yETjB3  
[2025-06-01 03:23:21] local.INFO: Session UID exists: true  
[2025-06-01 03:23:21] local.INFO: Request expects JSON: false  
[2025-06-01 03:23:21] local.INFO: Request is AJAX: false  
[2025-06-01 03:23:21] local.INFO: Request Method: GET  
[2025-06-01 03:23:21] local.INFO: Pengguna terotentikasi. Melanjutkan request.  
[2025-06-01 03:23:26] local.INFO: --- AuthenticateFirebase Middleware Start ---  
[2025-06-01 03:23:26] local.INFO: Request URL: http://127.0.0.1:8000/home  
[2025-06-01 03:23:26] local.INFO: Session UID exists: true  
[2025-06-01 03:23:26] local.INFO: Request expects JSON: false  
[2025-06-01 03:23:26] local.INFO: Request is AJAX: false  
[2025-06-01 03:23:26] local.INFO: Request Method: GET  
[2025-06-01 03:23:26] local.INFO: Pengguna terotentikasi. Melanjutkan request.  
[2025-06-01 03:23:29] local.INFO: --- AuthenticateFirebase Middleware Start ---  
[2025-06-01 03:23:29] local.INFO: Request URL: http://127.0.0.1:8000/counselor/nS0qWfSYS6MOB4WJP71HB6yETjB3  
[2025-06-01 03:23:29] local.INFO: Session UID exists: true  
[2025-06-01 03:23:29] local.INFO: Request expects JSON: false  
[2025-06-01 03:23:29] local.INFO: Request is AJAX: false  
[2025-06-01 03:23:29] local.INFO: Request Method: GET  
[2025-06-01 03:23:29] local.INFO: Pengguna terotentikasi. Melanjutkan request.  
[2025-06-01 03:23:49] local.INFO: --- AuthenticateFirebase Middleware Start ---  
[2025-06-01 03:23:49] local.INFO: Request URL: http://127.0.0.1:8000/home  
[2025-06-01 03:23:49] local.INFO: Session UID exists: true  
[2025-06-01 03:23:49] local.INFO: Request expects JSON: false  
[2025-06-01 03:23:49] local.INFO: Request is AJAX: false  
[2025-06-01 03:23:49] local.INFO: Request Method: GET  
[2025-06-01 03:23:49] local.INFO: Pengguna terotentikasi. Melanjutkan request.  
[2025-06-01 03:23:53] local.INFO: --- AuthenticateFirebase Middleware Start ---  
[2025-06-01 03:23:53] local.INFO: Request URL: http://127.0.0.1:8000/counselor/3hIcCNukOddBsWktpmrzj3UXsJ83  
[2025-06-01 03:23:53] local.INFO: Session UID exists: true  
[2025-06-01 03:23:53] local.INFO: Request expects JSON: false  
[2025-06-01 03:23:53] local.INFO: Request is AJAX: false  
[2025-06-01 03:23:53] local.INFO: Request Method: GET  
[2025-06-01 03:23:53] local.INFO: Pengguna terotentikasi. Melanjutkan request.  
[2025-06-01 03:23:56] local.INFO: --- AuthenticateFirebase Middleware Start ---  
[2025-06-01 03:23:56] local.INFO: Request URL: http://127.0.0.1:8000/counselor/book-schedule  
[2025-06-01 03:23:56] local.INFO: Session UID exists: true  
[2025-06-01 03:23:56] local.INFO: Request expects JSON: false  
[2025-06-01 03:23:56] local.INFO: Request is AJAX: false  
[2025-06-01 03:23:56] local.INFO: Request Method: POST  
[2025-06-01 03:23:56] local.INFO: Pengguna terotentikasi. Melanjutkan request.  
[2025-06-01 03:23:56] local.INFO: Memulai proses booking jadwal.  
[2025-06-01 03:23:56] local.INFO: Data request booking: {"scheduleId":"6d57699a94d44753b931","counselorId":"3hIcCNukOddBsWktpmrzj3UXsJ83"} 
[2025-06-01 03:23:56] local.INFO: Data yang didapat: {"scheduleId":"6d57699a94d44753b931","counselorUid":"3hIcCNukOddBsWktpmrzj3UXsJ83","userUid":"8m5FCucAOdT8JHW2eARDnjNhtKv1"} 
[2025-06-01 03:23:57] local.INFO: Hasil pengecekan booking sebelumnya: {"jumlah":0} 
[2025-06-01 03:23:57] local.INFO: Status dokumen konselor dan jadwal (sebelum update): {"counselorExists":true,"scheduleExists":true,"scheduleIsBooked_before":false} 
[2025-06-01 03:23:57] local.INFO: Hari dan waktu jadwal yang ditentukan: {"day":"Senin","time":"10.30-13.30"} 
[2025-06-01 03:23:58] local.INFO: Nama user yang booking: {"userName":"Ethan Winters"} 
[2025-06-01 03:23:58] local.INFO: Data untuk booking baru: {"scheduleId":"6d57699a94d44753b931","counselorId":"3hIcCNukOddBsWktpmrzj3UXsJ83","counselorName":"Dawwam","userId":"8m5FCucAOdT8JHW2eARDnjNhtKv1","userName":"Ethan Winters","day":"Senin","time":"10.30-13.30","status":"booked","createdAt":"2025-06-01 03:23:58"} 
[2025-06-01 03:23:58] local.INFO: Booking baru berhasil dibuat dengan ID: {"bookingId":"685ead53a1604cb8a701"} 
[2025-06-01 03:23:58] local.INFO: Data untuk history booking baru (dengan ID): {"userId":"8m5FCucAOdT8JHW2eARDnjNhtKv1","counselorId":"3hIcCNukOddBsWktpmrzj3UXsJ83","bookingId":"685ead53a1604cb8a701","day":"Senin","time":"10.30-13.30","createdAt":"2025-06-01 03:23:58","historyId":"986d3bd945a84e1db4a6"} 
[2025-06-01 03:23:58] local.INFO: History booking berhasil dibuat dengan ID: {"historyId":"986d3bd945a84e1db4a6"} 
[2025-06-01 03:23:58] local.INFO: Mencoba memperbarui status isBooked pada jadwal dengan ID: {"scheduleId":"6d57699a94d44753b931"} 
[2025-06-01 03:23:58] local.INFO: Status jadwal berhasil diperbarui di Firestore (semoga!).  
[2025-06-01 03:23:58] local.INFO: --- AuthenticateFirebase Middleware Start ---  
[2025-06-01 03:23:58] local.INFO: Request URL: http://127.0.0.1:8000/counselor/3hIcCNukOddBsWktpmrzj3UXsJ83  
[2025-06-01 03:23:58] local.INFO: Session UID exists: true  
[2025-06-01 03:23:58] local.INFO: Request expects JSON: false  
[2025-06-01 03:23:58] local.INFO: Request is AJAX: false  
[2025-06-01 03:23:58] local.INFO: Request Method: GET  
[2025-06-01 03:23:58] local.INFO: Pengguna terotentikasi. Melanjutkan request.  
[2025-06-01 03:24:00] local.INFO: --- AuthenticateFirebase Middleware Start ---  
[2025-06-01 03:24:00] local.INFO: Request URL: http://127.0.0.1:8000/history  
[2025-06-01 03:24:00] local.INFO: Session UID exists: true  
[2025-06-01 03:24:00] local.INFO: Request expects JSON: false  
[2025-06-01 03:24:00] local.INFO: Request is AJAX: false  
[2025-06-01 03:24:00] local.INFO: Request Method: GET  
[2025-06-01 03:24:00] local.INFO: Pengguna terotentikasi. Melanjutkan request.  
[2025-06-01 03:24:00] local.INFO: Mulai mengambil riwayat booking untuk userId: 8m5FCucAOdT8JHW2eARDnjNhtKv1  
[2025-06-01 03:24:01] local.INFO: Total riwayat booking ditemukan: 1  
[2025-06-01 03:24:02] local.INFO: --- AuthenticateFirebase Middleware Start ---  
[2025-06-01 03:24:02] local.INFO: Request URL: http://127.0.0.1:8000/chat  
[2025-06-01 03:24:02] local.INFO: Session UID exists: true  
[2025-06-01 03:24:02] local.INFO: Request expects JSON: false  
[2025-06-01 03:24:02] local.INFO: Request is AJAX: false  
[2025-06-01 03:24:02] local.INFO: Request Method: GET  
[2025-06-01 03:24:02] local.INFO: Pengguna terotentikasi. Melanjutkan request.  
[2025-06-01 03:24:02] local.INFO: Mulai mengambil daftar chat aktif untuk userId: 8m5FCucAOdT8JHW2eARDnjNhtKv1  
[2025-06-01 03:24:03] local.INFO: Total chat aktif ditemukan: 1  
[2025-06-01 03:24:05] local.INFO: --- AuthenticateFirebase Middleware Start ---  
[2025-06-01 03:24:05] local.INFO: Request URL: http://127.0.0.1:8000/chat/3hIcCNukOddBsWktpmrzj3UXsJ83/685ead53a1604cb8a701/6d57699a94d44753b931  
[2025-06-01 03:24:05] local.INFO: Session UID exists: true  
[2025-06-01 03:24:05] local.INFO: Request expects JSON: false  
[2025-06-01 03:24:05] local.INFO: Request is AJAX: false  
[2025-06-01 03:24:05] local.INFO: Request Method: GET  
[2025-06-01 03:24:05] local.INFO: Pengguna terotentikasi. Melanjutkan request.  
[2025-06-01 03:24:06] local.INFO: Memuat riwayat pesan antara 8m5FCucAOdT8JHW2eARDnjNhtKv1 dan 3hIcCNukOddBsWktpmrzj3UXsJ83 untuk booking 685ead53a1604cb8a701  
[2025-06-01 03:24:06] local.INFO: Total pesan chat ditemukan: 0  
[2025-06-01 03:24:06] local.INFO: --- AuthenticateFirebase Middleware Start ---  
[2025-06-01 03:24:06] local.INFO: Request URL: http://127.0.0.1:8000/chat/get-session-messages  
[2025-06-01 03:24:06] local.INFO: Session UID exists: true  
[2025-06-01 03:24:06] local.INFO: Request expects JSON: true  
[2025-06-01 03:24:06] local.INFO: Request is AJAX: true  
[2025-06-01 03:24:06] local.INFO: Request Method: POST  
[2025-06-01 03:24:06] local.INFO: Pengguna terotentikasi. Melanjutkan request.  
[2025-06-01 03:24:06] local.INFO: Memuat pesan chat untuk sesi AJAX antara 8m5FCucAOdT8JHW2eARDnjNhtKv1 dan 3hIcCNukOddBsWktpmrzj3UXsJ83 untuk booking 685ead53a1604cb8a701.  
[2025-06-01 03:24:07] local.INFO: Total pesan chat untuk AJAX ditemukan: 0  
[2025-06-01 03:24:22] local.INFO: --- AuthenticateFirebase Middleware Start ---  
[2025-06-01 03:24:22] local.INFO: Request URL: http://127.0.0.1:8000/chat/send-message  
[2025-06-01 03:24:22] local.INFO: Session UID exists: true  
[2025-06-01 03:24:22] local.INFO: Request expects JSON: true  
[2025-06-01 03:24:22] local.INFO: Request is AJAX: true  
[2025-06-01 03:24:22] local.INFO: Request Method: POST  
[2025-06-01 03:24:22] local.INFO: Pengguna terotentikasi. Melanjutkan request.  
[2025-06-01 03:24:23] local.INFO: Pesan berhasil dikirim dari 8m5FCucAOdT8JHW2eARDnjNhtKv1 ke 3hIcCNukOddBsWktpmrzj3UXsJ83 untuk booking 685ead53a1604cb8a701  
[2025-06-01 03:24:23] local.INFO: --- AuthenticateFirebase Middleware Start ---  
[2025-06-01 03:24:23] local.INFO: Request URL: http://127.0.0.1:8000/chat/get-session-messages  
[2025-06-01 03:24:23] local.INFO: Session UID exists: true  
[2025-06-01 03:24:23] local.INFO: Request expects JSON: true  
[2025-06-01 03:24:23] local.INFO: Request is AJAX: true  
[2025-06-01 03:24:23] local.INFO: Request Method: POST  
[2025-06-01 03:24:23] local.INFO: Pengguna terotentikasi. Melanjutkan request.  
[2025-06-01 03:24:23] local.INFO: Memuat pesan chat untuk sesi AJAX antara 8m5FCucAOdT8JHW2eARDnjNhtKv1 dan 3hIcCNukOddBsWktpmrzj3UXsJ83 untuk booking 685ead53a1604cb8a701.  
[2025-06-01 03:24:24] local.INFO: Total pesan chat untuk AJAX ditemukan: 1  
[2025-06-01 03:24:28] local.INFO: --- AuthenticateFirebase Middleware Start ---  
[2025-06-01 03:24:28] local.INFO: Request URL: http://127.0.0.1:8000/chat/complete-session  
[2025-06-01 03:24:28] local.INFO: Session UID exists: true  
[2025-06-01 03:24:28] local.INFO: Request expects JSON: false  
[2025-06-01 03:24:28] local.INFO: Request is AJAX: false  
[2025-06-01 03:24:28] local.INFO: Request Method: POST  
[2025-06-01 03:24:28] local.INFO: Pengguna terotentikasi. Melanjutkan request.  
[2025-06-01 03:24:29] local.INFO: Dokumen booking dihapus: 685ead53a1604cb8a701  
[2025-06-01 03:24:29] local.INFO: Status isBooked pada schedule 6d57699a94d44753b931 diupdate ke false  
[2025-06-01 03:24:29] local.INFO: Total 1 pesan chat terkait booking 685ead53a1604cb8a701 dihapus.  
[2025-06-01 03:24:32] local.INFO: --- AuthenticateFirebase Middleware Start ---  
[2025-06-01 03:24:32] local.INFO: Request URL: http://127.0.0.1:8000/chat  
[2025-06-01 03:24:32] local.INFO: Session UID exists: true  
[2025-06-01 03:24:32] local.INFO: Request expects JSON: false  
[2025-06-01 03:24:32] local.INFO: Request is AJAX: false  
[2025-06-01 03:24:32] local.INFO: Request Method: GET  
[2025-06-01 03:24:32] local.INFO: Pengguna terotentikasi. Melanjutkan request.  
[2025-06-01 03:24:32] local.INFO: Mulai mengambil daftar chat aktif untuk userId: 8m5FCucAOdT8JHW2eARDnjNhtKv1  
[2025-06-01 03:24:33] local.INFO: Total chat aktif ditemukan: 0  
[2025-06-01 03:24:35] local.INFO: --- AuthenticateFirebase Middleware Start ---  
[2025-06-01 03:24:35] local.INFO: Request URL: http://127.0.0.1:8000/history  
[2025-06-01 03:24:35] local.INFO: Session UID exists: true  
[2025-06-01 03:24:35] local.INFO: Request expects JSON: false  
[2025-06-01 03:24:35] local.INFO: Request is AJAX: false  
[2025-06-01 03:24:35] local.INFO: Request Method: GET  
[2025-06-01 03:24:35] local.INFO: Pengguna terotentikasi. Melanjutkan request.  
[2025-06-01 03:24:35] local.INFO: Mulai mengambil riwayat booking untuk userId: 8m5FCucAOdT8JHW2eARDnjNhtKv1  
[2025-06-01 03:24:37] local.INFO: Total riwayat booking ditemukan: 1  
[2025-06-01 03:24:37] local.INFO: --- AuthenticateFirebase Middleware Start ---  
[2025-06-01 03:24:37] local.INFO: Request URL: http://127.0.0.1:8000/home  
[2025-06-01 03:24:37] local.INFO: Session UID exists: true  
[2025-06-01 03:24:37] local.INFO: Request expects JSON: false  
[2025-06-01 03:24:37] local.INFO: Request is AJAX: false  
[2025-06-01 03:24:37] local.INFO: Request Method: GET  
[2025-06-01 03:24:37] local.INFO: Pengguna terotentikasi. Melanjutkan request.  
[2025-06-01 03:24:40] local.INFO: --- AuthenticateFirebase Middleware Start ---  
[2025-06-01 03:24:40] local.INFO: Request URL: http://127.0.0.1:8000/counselor/0LJYiZgW3pUlbDAxepLz4xiYMDm2  
[2025-06-01 03:24:40] local.INFO: Session UID exists: true  
[2025-06-01 03:24:40] local.INFO: Request expects JSON: false  
[2025-06-01 03:24:40] local.INFO: Request is AJAX: false  
[2025-06-01 03:24:40] local.INFO: Request Method: GET  
[2025-06-01 03:24:40] local.INFO: Pengguna terotentikasi. Melanjutkan request.  
[2025-06-01 03:24:43] local.INFO: --- AuthenticateFirebase Middleware Start ---  
[2025-06-01 03:24:43] local.INFO: Request URL: http://127.0.0.1:8000/counselor/book-schedule  
[2025-06-01 03:24:43] local.INFO: Session UID exists: true  
[2025-06-01 03:24:43] local.INFO: Request expects JSON: false  
[2025-06-01 03:24:43] local.INFO: Request is AJAX: false  
[2025-06-01 03:24:43] local.INFO: Request Method: POST  
[2025-06-01 03:24:43] local.INFO: Pengguna terotentikasi. Melanjutkan request.  
[2025-06-01 03:24:43] local.INFO: Memulai proses booking jadwal.  
[2025-06-01 03:24:43] local.INFO: Data request booking: {"scheduleId":"IT8gtx5ok3PPrx9EvHve","counselorId":"0LJYiZgW3pUlbDAxepLz4xiYMDm2"} 
[2025-06-01 03:24:43] local.INFO: Data yang didapat: {"scheduleId":"IT8gtx5ok3PPrx9EvHve","counselorUid":"0LJYiZgW3pUlbDAxepLz4xiYMDm2","userUid":"8m5FCucAOdT8JHW2eARDnjNhtKv1"} 
[2025-06-01 03:24:44] local.INFO: Hasil pengecekan booking sebelumnya: {"jumlah":0} 
[2025-06-01 03:24:45] local.INFO: Status dokumen konselor dan jadwal (sebelum update): {"counselorExists":true,"scheduleExists":true,"scheduleIsBooked_before":false} 
[2025-06-01 03:24:45] local.INFO: Hari dan waktu jadwal yang ditentukan: {"day":"Rabu","time":"14:00 - 15:30"} 
[2025-06-01 03:24:45] local.INFO: Nama user yang booking: {"userName":"Ethan Winters"} 
[2025-06-01 03:24:45] local.INFO: Data untuk booking baru: {"scheduleId":"IT8gtx5ok3PPrx9EvHve","counselorId":"0LJYiZgW3pUlbDAxepLz4xiYMDm2","counselorName":"Pun","userId":"8m5FCucAOdT8JHW2eARDnjNhtKv1","userName":"Ethan Winters","day":"Rabu","time":"14:00 - 15:30","status":"booked","createdAt":"2025-06-01 03:24:45"} 
[2025-06-01 03:24:45] local.INFO: Booking baru berhasil dibuat dengan ID: {"bookingId":"f64ffcec8beb4695bd96"} 
[2025-06-01 03:24:45] local.INFO: Data untuk history booking baru (dengan ID): {"userId":"8m5FCucAOdT8JHW2eARDnjNhtKv1","counselorId":"0LJYiZgW3pUlbDAxepLz4xiYMDm2","bookingId":"f64ffcec8beb4695bd96","day":"Rabu","time":"14:00 - 15:30","createdAt":"2025-06-01 03:24:45","historyId":"ab06a303bdce48c492e9"} 
[2025-06-01 03:24:45] local.INFO: History booking berhasil dibuat dengan ID: {"historyId":"ab06a303bdce48c492e9"} 
[2025-06-01 03:24:45] local.INFO: Mencoba memperbarui status isBooked pada jadwal dengan ID: {"scheduleId":"IT8gtx5ok3PPrx9EvHve"} 
[2025-06-01 03:24:45] local.INFO: Status jadwal berhasil diperbarui di Firestore (semoga!).  
[2025-06-01 03:24:46] local.INFO: --- AuthenticateFirebase Middleware Start ---  
[2025-06-01 03:24:46] local.INFO: Request URL: http://127.0.0.1:8000/counselor/0LJYiZgW3pUlbDAxepLz4xiYMDm2  
[2025-06-01 03:24:46] local.INFO: Session UID exists: true  
[2025-06-01 03:24:46] local.INFO: Request expects JSON: false  
[2025-06-01 03:24:46] local.INFO: Request is AJAX: false  
[2025-06-01 03:24:46] local.INFO: Request Method: GET  
[2025-06-01 03:24:46] local.INFO: Pengguna terotentikasi. Melanjutkan request.  
[2025-06-01 03:24:47] local.INFO: --- AuthenticateFirebase Middleware Start ---  
[2025-06-01 03:24:47] local.INFO: Request URL: http://127.0.0.1:8000/chat  
[2025-06-01 03:24:47] local.INFO: Session UID exists: true  
[2025-06-01 03:24:47] local.INFO: Request expects JSON: false  
[2025-06-01 03:24:47] local.INFO: Request is AJAX: false  
[2025-06-01 03:24:47] local.INFO: Request Method: GET  
[2025-06-01 03:24:47] local.INFO: Pengguna terotentikasi. Melanjutkan request.  
[2025-06-01 03:24:47] local.INFO: Mulai mengambil daftar chat aktif untuk userId: 8m5FCucAOdT8JHW2eARDnjNhtKv1  
[2025-06-01 03:24:48] local.INFO: Total chat aktif ditemukan: 1  
[2025-06-01 03:24:49] local.INFO: --- AuthenticateFirebase Middleware Start ---  
[2025-06-01 03:24:49] local.INFO: Request URL: http://127.0.0.1:8000/chat/0LJYiZgW3pUlbDAxepLz4xiYMDm2/f64ffcec8beb4695bd96/IT8gtx5ok3PPrx9EvHve  
[2025-06-01 03:24:49] local.INFO: Session UID exists: true  
[2025-06-01 03:24:49] local.INFO: Request expects JSON: false  
[2025-06-01 03:24:49] local.INFO: Request is AJAX: false  
[2025-06-01 03:24:49] local.INFO: Request Method: GET  
[2025-06-01 03:24:49] local.INFO: Pengguna terotentikasi. Melanjutkan request.  
[2025-06-01 03:24:50] local.INFO: Memuat riwayat pesan antara 8m5FCucAOdT8JHW2eARDnjNhtKv1 dan 0LJYiZgW3pUlbDAxepLz4xiYMDm2 untuk booking f64ffcec8beb4695bd96  
[2025-06-01 03:24:51] local.INFO: Total pesan chat ditemukan: 0  
[2025-06-01 03:24:51] local.INFO: --- AuthenticateFirebase Middleware Start ---  
[2025-06-01 03:24:51] local.INFO: Request URL: http://127.0.0.1:8000/chat/get-session-messages  
[2025-06-01 03:24:51] local.INFO: Session UID exists: true  
[2025-06-01 03:24:51] local.INFO: Request expects JSON: true  
[2025-06-01 03:24:51] local.INFO: Request is AJAX: true  
[2025-06-01 03:24:51] local.INFO: Request Method: POST  
[2025-06-01 03:24:51] local.INFO: Pengguna terotentikasi. Melanjutkan request.  
[2025-06-01 03:24:51] local.INFO: Memuat pesan chat untuk sesi AJAX antara 8m5FCucAOdT8JHW2eARDnjNhtKv1 dan 0LJYiZgW3pUlbDAxepLz4xiYMDm2 untuk booking f64ffcec8beb4695bd96.  
[2025-06-01 03:24:52] local.INFO: Total pesan chat untuk AJAX ditemukan: 0  
[2025-06-01 03:24:52] local.INFO: --- AuthenticateFirebase Middleware Start ---  
[2025-06-01 03:24:52] local.INFO: Request URL: http://127.0.0.1:8000/chat  
[2025-06-01 03:24:52] local.INFO: Session UID exists: true  
[2025-06-01 03:24:52] local.INFO: Request expects JSON: false  
[2025-06-01 03:24:52] local.INFO: Request is AJAX: false  
[2025-06-01 03:24:52] local.INFO: Request Method: GET  
[2025-06-01 03:24:52] local.INFO: Pengguna terotentikasi. Melanjutkan request.  
[2025-06-01 03:24:52] local.INFO: Mulai mengambil daftar chat aktif untuk userId: 8m5FCucAOdT8JHW2eARDnjNhtKv1  
[2025-06-01 03:24:54] local.INFO: Total chat aktif ditemukan: 1  
[2025-06-01 03:24:57] local.INFO: --- AuthenticateFirebase Middleware Start ---  
[2025-06-01 03:24:57] local.INFO: Request URL: http://127.0.0.1:8000/chat/0LJYiZgW3pUlbDAxepLz4xiYMDm2/f64ffcec8beb4695bd96/IT8gtx5ok3PPrx9EvHve  
[2025-06-01 03:24:57] local.INFO: Session UID exists: true  
[2025-06-01 03:24:57] local.INFO: Request expects JSON: false  
[2025-06-01 03:24:57] local.INFO: Request is AJAX: false  
[2025-06-01 03:24:57] local.INFO: Request Method: GET  
[2025-06-01 03:24:57] local.INFO: Pengguna terotentikasi. Melanjutkan request.  
[2025-06-01 03:24:58] local.INFO: Memuat riwayat pesan antara 8m5FCucAOdT8JHW2eARDnjNhtKv1 dan 0LJYiZgW3pUlbDAxepLz4xiYMDm2 untuk booking f64ffcec8beb4695bd96  
[2025-06-01 03:24:58] local.INFO: Total pesan chat ditemukan: 0  
[2025-06-01 03:24:59] local.INFO: --- AuthenticateFirebase Middleware Start ---  
[2025-06-01 03:24:59] local.INFO: Request URL: http://127.0.0.1:8000/chat/get-session-messages  
[2025-06-01 03:24:59] local.INFO: Session UID exists: true  
[2025-06-01 03:24:59] local.INFO: Request expects JSON: true  
[2025-06-01 03:24:59] local.INFO: Request is AJAX: true  
[2025-06-01 03:24:59] local.INFO: Request Method: POST  
[2025-06-01 03:24:59] local.INFO: Pengguna terotentikasi. Melanjutkan request.  
[2025-06-01 03:24:59] local.INFO: Memuat pesan chat untuk sesi AJAX antara 8m5FCucAOdT8JHW2eARDnjNhtKv1 dan 0LJYiZgW3pUlbDAxepLz4xiYMDm2 untuk booking f64ffcec8beb4695bd96.  
[2025-06-01 03:25:00] local.INFO: Total pesan chat untuk AJAX ditemukan: 0  
[2025-06-01 03:25:10] local.INFO: --- AuthenticateFirebase Middleware Start ---  
[2025-06-01 03:25:10] local.INFO: Request URL: http://127.0.0.1:8000/chat/send-message  
[2025-06-01 03:25:10] local.INFO: Session UID exists: true  
[2025-06-01 03:25:10] local.INFO: Request expects JSON: true  
[2025-06-01 03:25:10] local.INFO: Request is AJAX: true  
[2025-06-01 03:25:10] local.INFO: Request Method: POST  
[2025-06-01 03:25:10] local.INFO: Pengguna terotentikasi. Melanjutkan request.  
[2025-06-01 03:25:11] local.INFO: Pesan berhasil dikirim dari 8m5FCucAOdT8JHW2eARDnjNhtKv1 ke 0LJYiZgW3pUlbDAxepLz4xiYMDm2 untuk booking f64ffcec8beb4695bd96  
[2025-06-01 03:25:11] local.INFO: --- AuthenticateFirebase Middleware Start ---  
[2025-06-01 03:25:11] local.INFO: Request URL: http://127.0.0.1:8000/chat/get-session-messages  
[2025-06-01 03:25:11] local.INFO: Session UID exists: true  
[2025-06-01 03:25:11] local.INFO: Request expects JSON: true  
[2025-06-01 03:25:11] local.INFO: Request is AJAX: true  
[2025-06-01 03:25:11] local.INFO: Request Method: POST  
[2025-06-01 03:25:11] local.INFO: Pengguna terotentikasi. Melanjutkan request.  
[2025-06-01 03:25:11] local.INFO: Memuat pesan chat untuk sesi AJAX antara 8m5FCucAOdT8JHW2eARDnjNhtKv1 dan 0LJYiZgW3pUlbDAxepLz4xiYMDm2 untuk booking f64ffcec8beb4695bd96.  
[2025-06-01 03:25:12] local.INFO: Total pesan chat untuk AJAX ditemukan: 1  
[2025-06-01 03:25:16] local.INFO: --- AuthenticateFirebase Middleware Start ---  
[2025-06-01 03:25:16] local.INFO: Request URL: http://127.0.0.1:8000/chat/complete-session  
[2025-06-01 03:25:16] local.INFO: Session UID exists: true  
[2025-06-01 03:25:16] local.INFO: Request expects JSON: false  
[2025-06-01 03:25:16] local.INFO: Request is AJAX: false  
[2025-06-01 03:25:16] local.INFO: Request Method: POST  
[2025-06-01 03:25:16] local.INFO: Pengguna terotentikasi. Melanjutkan request.  
[2025-06-01 03:25:17] local.INFO: Dokumen booking dihapus: f64ffcec8beb4695bd96  
[2025-06-01 03:25:17] local.INFO: Status isBooked pada schedule IT8gtx5ok3PPrx9EvHve diupdate ke false  
[2025-06-01 03:25:17] local.INFO: Total 1 pesan chat terkait booking f64ffcec8beb4695bd96 dihapus.  
[2025-06-01 03:25:19] local.INFO: --- AuthenticateFirebase Middleware Start ---  
[2025-06-01 03:25:19] local.INFO: Request URL: http://127.0.0.1:8000/chat  
[2025-06-01 03:25:19] local.INFO: Session UID exists: true  
[2025-06-01 03:25:19] local.INFO: Request expects JSON: false  
[2025-06-01 03:25:19] local.INFO: Request is AJAX: false  
[2025-06-01 03:25:19] local.INFO: Request Method: GET  
[2025-06-01 03:25:19] local.INFO: Pengguna terotentikasi. Melanjutkan request.  
[2025-06-01 03:25:19] local.INFO: Mulai mengambil daftar chat aktif untuk userId: 8m5FCucAOdT8JHW2eARDnjNhtKv1  
[2025-06-01 03:25:20] local.INFO: Total chat aktif ditemukan: 0  
[2025-06-01 03:25:23] local.INFO: --- AuthenticateFirebase Middleware Start ---  
[2025-06-01 03:25:23] local.INFO: Request URL: http://127.0.0.1:8000/history  
[2025-06-01 03:25:23] local.INFO: Session UID exists: true  
[2025-06-01 03:25:23] local.INFO: Request expects JSON: false  
[2025-06-01 03:25:23] local.INFO: Request is AJAX: false  
[2025-06-01 03:25:23] local.INFO: Request Method: GET  
[2025-06-01 03:25:23] local.INFO: Pengguna terotentikasi. Melanjutkan request.  
[2025-06-01 03:25:23] local.INFO: Mulai mengambil riwayat booking untuk userId: 8m5FCucAOdT8JHW2eARDnjNhtKv1  
[2025-06-01 03:25:24] local.INFO: Total riwayat booking ditemukan: 2  
[2025-06-01 03:25:25] local.INFO: --- AuthenticateFirebase Middleware Start ---  
[2025-06-01 03:25:25] local.INFO: Request URL: http://127.0.0.1:8000/profile  
[2025-06-01 03:25:25] local.INFO: Session UID exists: true  
[2025-06-01 03:25:25] local.INFO: Request expects JSON: false  
[2025-06-01 03:25:25] local.INFO: Request is AJAX: false  
[2025-06-01 03:25:25] local.INFO: Request Method: GET  
[2025-06-01 03:25:25] local.INFO: Pengguna terotentikasi. Melanjutkan request.  
[2025-06-01 03:25:29] local.INFO: LoginController: __construct called.  
[2025-06-01 03:25:29] local.INFO: LoginController: Firebase instances resolved in constructor.  
[2025-06-01 03:25:29] local.INFO: Logout berhasil.  
[2025-06-01 03:25:29] local.INFO: LoginController: __construct called.  
[2025-06-01 03:25:29] local.INFO: LoginController: Firebase instances resolved in constructor.  
